#
# There is insufficient memory for the Java Runtime Environment to continue.
# Native memory allocation (mmap) failed to map 266338304 bytes for G1 virtual space
# Possible reasons:
#   The system is out of physical RAM or swap space
#   The process is running with CompressedOops enabled, and the Java Heap may be blocking the growth of the native heap
# Possible solutions:
#   Reduce memory load on the system
#   Increase physical memory or swap space
#   Check if swap backing store is full
#   Decrease Java heap size (-Xmx/-Xms)
#   Decrease number of Java threads
#   Decrease Java thread stack sizes (-Xss)
#   Set larger code cache with -XX:ReservedCodeCacheSize=
#   JVM is running with Zero Based Compressed Oops mode in which the Java heap is
#     placed in the first 32GB address space. The Java Heap base address is the
#     maximum limit for the native heap growth. Please use -XX:HeapBaseMinAddress
#     to set the Java Heap base and to place the Java Heap above 32GB virtual address.
# This output file may be truncated or incomplete.
#
#  Out of Memory Error (os_windows.cpp:3535), pid=15288, tid=11260
#
# JRE version:  (17.0.3+7) (build )
# Java VM: OpenJDK 64-Bit Server VM (17.0.3+7, mixed mode, sharing, tiered, compressed oops, compressed class ptrs, g1 gc, windows-amd64)
# No core dump will be written. Minidumps are not enabled by default on client versions of Windows
#

---------------  S U M M A R Y ------------

Command Line: -Dfile.encoding=UTF-8 -XX:+ShowCodeDetailsInExceptionMessages Test.입력화면만들기

Host: 12th Gen Intel(R) Core(TM) i5-12400F, 12 cores, 15G,  Windows 10 , 64 bit Build 19041 (10.0.19041.1889)
Time: Tue Sep 27 16:33:06 2022  Windows 10 , 64 bit Build 19041 (10.0.19041.1889) elapsed time: 0.012768 seconds (0d 0h 0m 0s)

---------------  T H R E A D  ---------------

Current thread (0x00000202df0cd3f0):  JavaThread "Unknown thread" [_thread_in_vm, id=11260, stack(0x0000006b61600000,0x0000006b61700000)]

Stack: [0x0000006b61600000,0x0000006b61700000]
Native frames: (J=compiled Java code, j=interpreted, Vv=VM code, C=native code)
V  [jvm.dll+0x675efa]
V  [jvm.dll+0x830a24]
V  [jvm.dll+0x8321ce]
V  [jvm.dll+0x832833]
V  [jvm.dll+0x2454b5]
V  [jvm.dll+0x672de9]
V  [jvm.dll+0x667732]
V  [jvm.dll+0x3043ab]
V  [jvm.dll+0x30b8f6]
V  [jvm.dll+0x35b62e]
V  [jvm.dll+0x35b85f]
V  [jvm.dll+0x2db248]
V  [jvm.dll+0x2dc1b4]
V  [jvm.dll+0x802651]
V  [jvm.dll+0x3693b1]
V  [jvm.dll+0x7e1aac]
V  [jvm.dll+0x3ebd8f]
V  [jvm.dll+0x3ed911]
C  [jli.dll+0x5277]
C  [ucrtbase.dll+0x21bb2]
C  [KERNEL32.DLL+0x17034]
C  [ntdll.dll+0x526a1]


---------------  P R O C E S S  ---------------

Threads class SMR info:
_java_thread_list=0x00007ff8257f6e98, length=0, elements={
}

Java Threads: ( => current thread )

Other Threads:
  0x00000202df1389d0 GCTaskThread "GC Thread#0" [stack: 0x0000006b61700000,0x0000006b61800000] [id=18364]
  0x00000202df14ae50 ConcurrentGCThread "G1 Main Marker" [stack: 0x0000006b61800000,0x0000006b61900000] [id=18008]
  0x00000202df14b860 ConcurrentGCThread "G1 Conc#0" [stack: 0x0000006b61900000,0x0000006b61a00000] [id=8188]

[error occurred during error reporting (printing all threads), id 0xc0000005, EXCEPTION_ACCESS_VIOLATION (0xc0000005) at pc=0x00007ff824fcbcd7]

VM state: not at safepoint (not fully initialized)

VM Mutex/Monitor currently owned by a thread:  ([mutex/lock_event])
[0x00000202df0c97a0] Heap_lock - owner thread: 0x00000202df0cd3f0

Heap address: 0x0000000702600000, size: 4058 MB, Compressed Oops mode: Zero based, Oop shift amount: 3

CDS archive(s) mapped at: [0x0000000000000000-0x0000000000000000-0x0000000000000000), size 0, SharedBaseAddress: 0x0000000800000000, ArchiveRelocationMode: 0.
Narrow klass base: 0x0000000000000000, Narrow klass shift: 0, Narrow klass range: 0x0

GC Precious Log:
<Empty>

Heap:
 garbage-first heap   total 0K, used 0K [0x0000000702600000, 0x0000000800000000)
  region size 2048K, 0 young (0K), 0 survivors (0K)

[error occurred during error reporting (printing heap information), id 0xc0000005, EXCEPTION_ACCESS_VIOLATION (0xc0000005) at pc=0x00007ff8253af249]

GC Heap History (0 events):
No events

Deoptimization events (0 events):
No events

Classes unloaded (0 events):
No events

Classes redefined (0 events):
No events

Internal exceptions (0 events):
No events

VM Operations (0 events):
No events

Events (1 events):
Event: 0.007 Loaded shared library C:\Users\YoungMoo\Downloads\eclipse-jee-2022-06-R-win32-x86_64\eclipse\plugins\org.eclipse.justj.openjdk.hotspot.jre.full.win32.x86_64_17.0.3.v20220515-1416\jre\bin\java.dll


Dynamic libraries:
0x00007ff7f3cf0000 - 0x00007ff7f3cfe000 	C:\Users\YoungMoo\Downloads\eclipse-jee-2022-06-R-win32-x86_64\eclipse\plugins\org.eclipse.justj.openjdk.hotspot.jre.full.win32.x86_64_17.0.3.v20220515-1416\jre\bin\javaw.exe
0x00007ff89ffb0000 - 0x00007ff8a01a8000 	C:\Windows\SYSTEM32\ntdll.dll
0x00007ff89e850000 - 0x00007ff89e90d000 	C:\Windows\System32\KERNEL32.DLL
0x00007ff89d8c0000 - 0x00007ff89db8e000 	C:\Windows\System32\KERNELBASE.dll
0x00007ff89d720000 - 0x00007ff89d820000 	C:\Windows\System32\ucrtbase.dll
0x00007ff87ede0000 - 0x00007ff87edf8000 	C:\Users\YoungMoo\Downloads\eclipse-jee-2022-06-R-win32-x86_64\eclipse\plugins\org.eclipse.justj.openjdk.hotspot.jre.full.win32.x86_64_17.0.3.v20220515-1416\jre\bin\jli.dll
0x00007ff87edc0000 - 0x00007ff87edd9000 	C:\Users\YoungMoo\Downloads\eclipse-jee-2022-06-R-win32-x86_64\eclipse\plugins\org.eclipse.justj.openjdk.hotspot.jre.full.win32.x86_64_17.0.3.v20220515-1416\jre\bin\VCRUNTIME140.dll
0x00007ff89e580000 - 0x00007ff89e720000 	C:\Windows\System32\USER32.dll
0x00007ff89d890000 - 0x00007ff89d8b2000 	C:\Windows\System32\win32u.dll
0x00007ff88aef0000 - 0x00007ff88b18a000 	C:\Windows\WinSxS\amd64_microsoft.windows.common-controls_6595b64144ccf1df_6.0.19041.1110_none_60b5254171f9507e\COMCTL32.dll
0x00007ff89f0e0000 - 0x00007ff89f10a000 	C:\Windows\System32\GDI32.dll
0x00007ff89e4e0000 - 0x00007ff89e57e000 	C:\Windows\System32\msvcrt.dll
0x00007ff89dd90000 - 0x00007ff89de9b000 	C:\Windows\System32\gdi32full.dll
0x00007ff89db90000 - 0x00007ff89dc2d000 	C:\Windows\System32\msvcp_win.dll
0x00007ff89e7c0000 - 0x00007ff89e7f0000 	C:\Windows\System32\IMM32.DLL
0x00007ff8968d0000 - 0x00007ff8968dc000 	C:\Users\YoungMoo\Downloads\eclipse-jee-2022-06-R-win32-x86_64\eclipse\plugins\org.eclipse.justj.openjdk.hotspot.jre.full.win32.x86_64_17.0.3.v20220515-1416\jre\bin\vcruntime140_1.dll
0x00007ff852000000 - 0x00007ff852091000 	C:\Users\YoungMoo\Downloads\eclipse-jee-2022-06-R-win32-x86_64\eclipse\plugins\org.eclipse.justj.openjdk.hotspot.jre.full.win32.x86_64_17.0.3.v20220515-1416\jre\bin\msvcp140.dll
0x00007ff824ce0000 - 0x00007ff825928000 	C:\Users\YoungMoo\Downloads\eclipse-jee-2022-06-R-win32-x86_64\eclipse\plugins\org.eclipse.justj.openjdk.hotspot.jre.full.win32.x86_64_17.0.3.v20220515-1416\jre\bin\server\jvm.dll
0x00007ff89ea80000 - 0x00007ff89eb2e000 	C:\Windows\System32\ADVAPI32.dll
0x00007ff89e720000 - 0x00007ff89e7bc000 	C:\Windows\System32\sechost.dll
0x00007ff89edb0000 - 0x00007ff89eed5000 	C:\Windows\System32\RPCRT4.dll
0x00007ff89f550000 - 0x00007ff89f558000 	C:\Windows\System32\PSAPI.DLL
0x00007ff894900000 - 0x00007ff894927000 	C:\Windows\SYSTEM32\WINMM.dll
0x00007ff89ad60000 - 0x00007ff89ad69000 	C:\Windows\SYSTEM32\WSOCK32.dll
0x00007ff895ea0000 - 0x00007ff895eaa000 	C:\Windows\SYSTEM32\VERSION.dll
0x00007ff89ec60000 - 0x00007ff89eccb000 	C:\Windows\System32\WS2_32.dll
0x00007ff89b5e0000 - 0x00007ff89b5f2000 	C:\Windows\SYSTEM32\kernel.appcore.dll
0x00007ff89a320000 - 0x00007ff89a32a000 	C:\Users\YoungMoo\Downloads\eclipse-jee-2022-06-R-win32-x86_64\eclipse\plugins\org.eclipse.justj.openjdk.hotspot.jre.full.win32.x86_64_17.0.3.v20220515-1416\jre\bin\jimage.dll
0x00007ff890ad0000 - 0x00007ff890cb4000 	C:\Windows\SYSTEM32\DBGHELP.DLL
0x00007ff888af0000 - 0x00007ff888b1c000 	C:\Windows\SYSTEM32\dbgcore.DLL
0x00007ff89df50000 - 0x00007ff89dfd2000 	C:\Windows\System32\bcryptPrimitives.dll
0x00007ff8982e0000 - 0x00007ff898305000 	C:\Users\YoungMoo\Downloads\eclipse-jee-2022-06-R-win32-x86_64\eclipse\plugins\org.eclipse.justj.openjdk.hotspot.jre.full.win32.x86_64_17.0.3.v20220515-1416\jre\bin\java.dll

dbghelp: loaded successfully - version: 4.0.5 - missing functions: none
symbol engine: initialized successfully - sym options: 0x614 - pdb path: .;C:\Users\YoungMoo\Downloads\eclipse-jee-2022-06-R-win32-x86_64\eclipse\plugins\org.eclipse.justj.openjdk.hotspot.jre.full.win32.x86_64_17.0.3.v20220515-1416\jre\bin;C:\Windows\SYSTEM32;C:\Windows\WinSxS\amd64_microsoft.windows.common-controls_6595b64144ccf1df_6.0.19041.1110_none_60b5254171f9507e;C:\Users\YoungMoo\Downloads\eclipse-jee-2022-06-R-win32-x86_64\eclipse\plugins\org.eclipse.justj.openjdk.hotspot.jre.full.win32.x86_64_17.0.3.v20220515-1416\jre\bin\server

VM Arguments:
jvm_args: -Dfile.encoding=UTF-8 -XX:+ShowCodeDetailsInExceptionMessages 
java_command: Test.입력화면만들기
java_class_path (initial): C:\coding\multicam\java-workspace\java01\bin
Launcher Type: SUN_STANDARD

[Global flags]
     intx CICompilerCount                          = 4                                         {product} {ergonomic}
     uint ConcGCThreads                            = 3                                         {product} {ergonomic}
     uint G1ConcRefinementThreads                  = 10                                        {product} {ergonomic}
   size_t G1HeapRegionSize                         = 2097152                                   {product} {ergonomic}
    uintx GCDrainStackTargetSize                   = 64                                        {product} {ergonomic}
   size_t InitialHeapSize                          = 266338304                                 {product} {ergonomic}
   size_t MarkStackSize                            = 4194304                                   {product} {ergonomic}
   size_t MaxHeapSize                              = 4255121408                                {product} {ergonomic}
   size_t MinHeapDeltaBytes                        = 2097152                                   {product} {ergonomic}
   size_t MinHeapSize                              = 8388608                                   {product} {ergonomic}
    uintx NonNMethodCodeHeapSize                   = 5839372                                {pd product} {ergonomic}
    uintx NonProfiledCodeHeapSize                  = 122909434                              {pd product} {ergonomic}
    uintx ProfiledCodeHeapSize                     = 122909434                              {pd product} {ergonomic}
    uintx ReservedCodeCacheSize                    = 251658240                              {pd product} {ergonomic}
     bool SegmentedCodeCache                       = true                                      {product} {ergonomic}
     bool ShowCodeDetailsInExceptionMessages       = true                                   {manageable} {command line}
   size_t SoftMaxHeapSize                          = 4255121408                             {manageable} {ergonomic}
     bool UseCompressedClassPointers               = true                           {product lp64_product} {ergonomic}
     bool UseCompressedOops                        = true                           {product lp64_product} {ergonomic}
     bool UseG1GC                                  = true                                      {product} {ergonomic}
     bool UseLargePagesIndividualAllocation        = false                                  {pd product} {ergonomic}

Logging:
Log output configuration:
 #0: stdout all=warning uptime,level,tags
 #1: stderr all=off uptime,level,tags

Environment Variables:
JAVA_HOME=C:\Program Files\Java\jdk-18.0.2.1
PATH=C:/Users/YoungMoo/Downloads/eclipse-jee-2022-06-R-win32-x86_64/eclipse//plugins/org.eclipse.justj.openjdk.hotspot.jre.full.win32.x86_64_17.0.3.v20220515-1416/jre/bin/server;C:/Users/YoungMoo/Downloads/eclipse-jee-2022-06-R-win32-x86_64/eclipse//plugins/org.eclipse.justj.openjdk.hotspot.jre.full.win32.x86_64_17.0.3.v20220515-1416/jre/bin;C:\Program Files\Java\jdk-18.0.2.1\bin;C:\Program Files\Common Files\Oracle\Java\javapath;C:\Windows\system32;C:\Windows;C:\Windows\System32\Wbem;C:\Windows\System32\WindowsPowerShell\v1.0\;C:\Windows\System32\OpenSSH\;C:\Program Files (x86)\NVIDIA Corporation\PhysX\Common;C:\Program Files\NVIDIA Corporation\NVIDIA NvDLISR;C:\Program Files (x86)\Yarn\bin\;C:\Program Files\nodejs\;C:\Program Files\Git\cmd;C:\Users\YoungMoo\AppData\Local\Programs\Python\Python310\Scripts\;C:\Users\YoungMoo\AppData\Local\Programs\Python\Python310\;C:\Users\YoungMoo\AppData\Local\Microsoft\WindowsApps;;C:\Users\YoungMoo\AppData\Local\Programs\Microsoft VS Code\bin;C:\Users\YoungMoo\AppData\Local\Yarn\bin;C:\Users\YoungMoo\AppData\Roaming\npm;C:\Users\YoungMoo\Downloads\eclipse-jee-2022-06-R-win32-x86_64\eclipse;
USERNAME=YoungMoo
OS=Windows_NT
PROCESSOR_IDENTIFIER=Intel64 Family 6 Model 151 Stepping 5, GenuineIntel



---------------  S Y S T E M  ---------------

OS:
 Windows 10 , 64 bit Build 19041 (10.0.19041.1889)
OS uptime: 4 days 7:39 hours

CPU: total 12 (initial active 12) (6 cores per cpu, 2 threads per core) family 6 model 151 stepping 5 microcode 0x1f, cx8, cmov, fxsr, ht, mmx, 3dnowpref, sse, sse2, sse3, ssse3, sse4.1, sse4.2, popcnt, lzcnt, tsc, tscinvbit, avx, avx2, aes, erms, clmul, bmi1, bmi2, adx, sha, fma, vzeroupper, clflush, clflushopt, clwb

Memory: 4k page, system-wide physical 16225M (116M free)
TotalPageFile size 65377M (AvailPageFile size 20M)
current process WorkingSet (physical memory assigned to process): 11M, peak: 11M
current process commit charge ("private bytes"): 64M, peak: 318M

vm_info: OpenJDK 64-Bit Server VM (17.0.3+7) for windows-amd64 JRE (17.0.3+7), built on Apr 19 2022 16:55:35 by "" with MS VC++ 16.7 (VS2019)

END.
